<?xml version="1.0" encoding="UTF-8"?>
<!-- Generated by org.testng.reporters.JUnitReportReporter -->
<testsuite skipped="0" hostname="LAPTOP-9T6JMJ0J" name="test.testSong1" tests="1" failures="0" timestamp="31 May 2021 20:33:51 GMT" time="7.932" errors="0">
  <testcase name="songsList" time="7.932" classname="test.testSong1"/>
</testsuite> <!-- test.testSong1 -->
